# JRE version: OpenJDK Runtime Environment (8.0_242-b01) (build 1.8.0_242-release-1644-b01)
# Java VM: OpenJDK 64-Bit Server VM (25.242-b01 mixed mode windows-amd64 compressed oops)
Heap:
 PSYoungGen      total 346624K, used 16940K [0x00000000e0000000, 0x00000000fb900000, 0x0000000100000000)
  eden space 328704K, 5% used [0x00000000e0000000,0x00000000e108b358,0x00000000f4100000)
  from space 17920K, 0% used [0x00000000f4100000,0x00000000f4100000,0x00000000f5280000)
  to   space 25088K, 0% used [0x00000000fa080000,0x00000000fa080000,0x00000000fb900000)
 ParOldGen       total 148992K, used 41183K [0x00000000a0000000, 0x00000000a9180000, 0x00000000e0000000)
  object space 148992K, 27% used [0x00000000a0000000,0x00000000a2837ff8,0x00000000a9180000)
 Metaspace       used 57894K, capacity 60252K, committed 60440K, reserved 1101824K
  class space    used 7953K, capacity 8487K, committed 8496K, reserved 1048576K
GC Heap History (10 events):
Event: 7.246 GC heap before
{Heap before GC invocations=8 (full 1):
 PSYoungGen      total 195072K, used 72256K [0x00000000e0000000, 0x00000000ed700000, 0x0000000100000000)
  eden space 183296K, 33% used [0x00000000e0000000,0x00000000e3b3e1e8,0x00000000eb300000)
  from space 11776K, 98% used [0x00000000ecb80000,0x00000000ed6d21b8,0x00000000ed700000)
  to   space 13312K, 0% used [0x00000000ebd00000,0x00000000ebd00000,0x00000000eca00000)
 ParOldGen       total 64512K, used 7229K [0x00000000a0000000, 0x00000000a3f00000, 0x00000000e0000000)
  object space 64512K, 11% used [0x00000000a0000000,0x00000000a070f458,0x00000000a3f00000)
 Metaspace       used 34312K, capacity 35402K, committed 35496K, reserved 1079296K
  class space    used 4719K, capacity 5002K, committed 5040K, reserved 1048576K
Event: 7.260 GC heap after
Heap after GC invocations=8 (full 1):
 PSYoungGen      total 206848K, used 9417K [0x00000000e0000000, 0x00000000f6400000, 0x0000000100000000)
  eden space 193536K, 0% used [0x00000000e0000000,0x00000000e0000000,0x00000000ebd00000)
  from space 13312K, 70% used [0x00000000ebd00000,0x00000000ec6326c0,0x00000000eca00000)
  to   space 13312K, 0% used [0x00000000f5700000,0x00000000f5700000,0x00000000f6400000)
 ParOldGen       total 64512K, used 7237K [0x00000000a0000000, 0x00000000a3f00000, 0x00000000e0000000)
  object space 64512K, 11% used [0x00000000a0000000,0x00000000a0711458,0x00000000a3f00000)
 Metaspace       used 34312K, capacity 35402K, committed 35496K, reserved 1079296K
  class space    used 4719K, capacity 5002K, committed 5040K, reserved 1048576K
}
Event: 7.260 GC heap before
{Heap before GC invocations=9 (full 2):
 PSYoungGen      total 206848K, used 9417K [0x00000000e0000000, 0x00000000f6400000, 0x0000000100000000)
  eden space 193536K, 0% used [0x00000000e0000000,0x00000000e0000000,0x00000000ebd00000)
  from space 13312K, 70% used [0x00000000ebd00000,0x00000000ec6326c0,0x00000000eca00000)
  to   space 13312K, 0% used [0x00000000f5700000,0x00000000f5700000,0x00000000f6400000)
 ParOldGen       total 64512K, used 7237K [0x00000000a0000000, 0x00000000a3f00000, 0x00000000e0000000)
  object space 64512K, 11% used [0x00000000a0000000,0x00000000a0711458,0x00000000a3f00000)
 Metaspace       used 34312K, capacity 35402K, committed 35496K, reserved 1079296K
  class space    used 4719K, capacity 5002K, committed 5040K, reserved 1048576K
Event: 7.382 GC heap after
Heap after GC invocations=9 (full 2):
 PSYoungGen      total 206848K, used 0K [0x00000000e0000000, 0x00000000f6400000, 0x0000000100000000)
  eden space 193536K, 0% used [0x00000000e0000000,0x00000000e0000000,0x00000000ebd00000)
  from space 13312K, 0% used [0x00000000ebd00000,0x00000000ebd00000,0x00000000eca00000)
  to   space 13312K, 0% used [0x00000000f5700000,0x00000000f5700000,0x00000000f6400000)
 ParOldGen       total 93184K, used 15645K [0x00000000a0000000, 0x00000000a5b00000, 0x00000000e0000000)
  object space 93184K, 16% used [0x00000000a0000000,0x00000000a0f475a0,0x00000000a5b00000)
 Metaspace       used 34312K, capacity 35402K, committed 35496K, reserved 1079296K
  class space    used 4719K, capacity 5002K, committed 5040K, reserved 1048576K
}
Event: 10.701 GC heap before
{Heap before GC invocations=10 (full 2):
 PSYoungGen      total 206848K, used 193536K [0x00000000e0000000, 0x00000000f6400000, 0x0000000100000000)
  eden space 193536K, 100% used [0x00000000e0000000,0x00000000ebd00000,0x00000000ebd00000)
  from space 13312K, 0% used [0x00000000ebd00000,0x00000000ebd00000,0x00000000eca00000)
  to   space 13312K, 0% used [0x00000000f5700000,0x00000000f5700000,0x00000000f6400000)
 ParOldGen       total 93184K, used 15645K [0x00000000a0000000, 0x00000000a5b00000, 0x00000000e0000000)
  object space 93184K, 16% used [0x00000000a0000000,0x00000000a0f475a0,0x00000000a5b00000)
 Metaspace       used 45540K, capacity 47258K, committed 47528K, reserved 1089536K
  class space    used 6148K, capacity 6503K, committed 6576K, reserved 1048576K
Event: 10.726 GC heap after
Heap after GC invocations=10 (full 2):
 PSYoungGen      total 317440K, used 13298K [0x00000000e0000000, 0x00000000f6400000, 0x0000000100000000)
  eden space 304128K, 0% used [0x00000000e0000000,0x00000000e0000000,0x00000000f2900000)
  from space 13312K, 99% used [0x00000000f5700000,0x00000000f63fc990,0x00000000f6400000)
  to   space 17920K, 0% used [0x00000000f4100000,0x00000000f4100000,0x00000000f5280000)
 ParOldGen       total 93184K, used 22763K [0x00000000a0000000, 0x00000000a5b00000, 0x00000000e0000000)
  object space 93184K, 24% used [0x00000000a0000000,0x00000000a163afc8,0x00000000a5b00000)
 Metaspace       used 45540K, capacity 47258K, committed 47528K, reserved 1089536K
  class space    used 6148K, capacity 6503K, committed 6576K, reserved 1048576K
}
Event: 14.940 GC heap before
{Heap before GC invocations=11 (full 2):
 PSYoungGen      total 317440K, used 198686K [0x00000000e0000000, 0x00000000f6400000, 0x0000000100000000)
  eden space 304128K, 60% used [0x00000000e0000000,0x00000000eb50b0f0,0x00000000f2900000)
  from space 13312K, 99% used [0x00000000f5700000,0x00000000f63fc990,0x00000000f6400000)
  to   space 17920K, 0% used [0x00000000f4100000,0x00000000f4100000,0x00000000f5280000)
 ParOldGen       total 93184K, used 22763K [0x00000000a0000000, 0x00000000a5b00000, 0x00000000e0000000)
  object space 93184K, 24% used [0x00000000a0000000,0x00000000a163afc8,0x00000000a5b00000)
 Metaspace       used 56851K, capacity 59142K, committed 59160K, reserved 1099776K
  class space    used 7776K, capacity 8224K, committed 8240K, reserved 1048576K
Event: 15.003 GC heap after
Heap after GC invocations=11 (full 2):
 PSYoungGen      total 346624K, used 17916K [0x00000000e0000000, 0x00000000fb900000, 0x0000000100000000)
  eden space 328704K, 0% used [0x00000000e0000000,0x00000000e0000000,0x00000000f4100000)
  from space 17920K, 99% used [0x00000000f4100000,0x00000000f527f2f0,0x00000000f5280000)
  to   space 25088K, 0% used [0x00000000fa080000,0x00000000fa080000,0x00000000fb900000)
 ParOldGen       total 93184K, used 34346K [0x00000000a0000000, 0x00000000a5b00000, 0x00000000e0000000)
  object space 93184K, 36% used [0x00000000a0000000,0x00000000a218aa68,0x00000000a5b00000)
 Metaspace       used 56851K, capacity 59142K, committed 59160K, reserved 1099776K
  class space    used 7776K, capacity 8224K, committed 8240K, reserved 1048576K
}
Event: 15.003 GC heap before
{Heap before GC invocations=12 (full 3):
 PSYoungGen      total 346624K, used 17916K [0x00000000e0000000, 0x00000000fb900000, 0x0000000100000000)
  eden space 328704K, 0% used [0x00000000e0000000,0x00000000e0000000,0x00000000f4100000)
  from space 17920K, 99% used [0x00000000f4100000,0x00000000f527f2f0,0x00000000f5280000)
  to   space 25088K, 0% used [0x00000000fa080000,0x00000000fa080000,0x00000000fb900000)
 ParOldGen       total 93184K, used 34346K [0x00000000a0000000, 0x00000000a5b00000, 0x00000000e0000000)
  object space 93184K, 36% used [0x00000000a0000000,0x00000000a218aa68,0x00000000a5b00000)
 Metaspace       used 56851K, capacity 59142K, committed 59160K, reserved 1099776K
  class space    used 7776K, capacity 8224K, committed 8240K, reserved 1048576K
Event: 15.390 GC heap after
Heap after GC invocations=12 (full 3):
 PSYoungGen      total 346624K, used 0K [0x00000000e0000000, 0x00000000fb900000, 0x0000000100000000)
  eden space 328704K, 0% used [0x00000000e0000000,0x00000000e0000000,0x00000000f4100000)
  from space 17920K, 0% used [0x00000000f4100000,0x00000000f4100000,0x00000000f5280000)
  to   space 25088K, 0% used [0x00000000fa080000,0x00000000fa080000,0x00000000fb900000)
 ParOldGen       total 148992K, used 41183K [0x00000000a0000000, 0x00000000a9180000, 0x00000000e0000000)
  object space 148992K, 27% used [0x00000000a0000000,0x00000000a2837ff8,0x00000000a9180000)
 Metaspace       used 56851K, capacity 59142K, committed 59160K, reserved 1099776K
  class space    used 7776K, capacity 8224K, committed 8240K, reserved 1048576K
}

